Mon Apr 30 20:42:15 PDT 2001 AvalonLogSystem initialized using logfile /Users/jon/checkout/scarab/src/usecases/velocity.log
Mon Apr 30 20:42:15 PDT 2001   [info]   [info] Default Properties File: org/apache/velocity/runtime/defaults/velocity.properties
Mon Apr 30 20:42:15 PDT 2001   [info] Resource Loader Instantiated: org.apache.velocity.runtime.resource.loader.FileResourceLoader
Mon Apr 30 20:42:15 PDT 2001   [info] FileResourceLoader : initialization starting.
Mon Apr 30 20:42:15 PDT 2001   [info] FileResourceLoader : adding path '/Users/jon/checkout/scarab/src/usecases'
Mon Apr 30 20:42:15 PDT 2001   [info] FileResourceLoader : initialization complete.
Mon Apr 30 20:42:15 PDT 2001   [info] Loaded Pluggable Directive: org.apache.velocity.runtime.directive.Literal
Mon Apr 30 20:42:15 PDT 2001   [info] Loaded Pluggable Directive: org.apache.velocity.runtime.directive.Macro
Mon Apr 30 20:42:15 PDT 2001   [info] Loaded Pluggable Directive: org.apache.velocity.runtime.directive.Parse
Mon Apr 30 20:42:15 PDT 2001   [info] Loaded Pluggable Directive: org.apache.velocity.runtime.directive.Include
Mon Apr 30 20:42:15 PDT 2001   [info] Loaded Pluggable Directive: org.apache.velocity.runtime.directive.Foreach
Mon Apr 30 20:42:16 PDT 2001   [info] Created: 20 parsers.
Mon Apr 30 20:42:16 PDT 2001   [info] Velocimacro : initialization starting.
Mon Apr 30 20:42:16 PDT 2001   [info] Velocimacro : adding VMs from VM library template : VM_global_library.vm
Mon Apr 30 20:42:16 PDT 2001  [error] ResourceManager : unable to find resource 'VM_global_library.vm' in any resource loader.
Mon Apr 30 20:42:16 PDT 2001   [info] Velocimacro : error using  VM library template VM_global_library.vm : org.apache.velocity.exception.ResourceNotFoundException: Unable to find resource 'VM_global_library.vm'
Mon Apr 30 20:42:16 PDT 2001   [info] Velocimacro : allowInline = true : VMs can be defined inline in templates
Mon Apr 30 20:42:16 PDT 2001   [info] Velocimacro : allowInlineToOverride = false : VMs defined inline may NOT replace previous VM definitions
Mon Apr 30 20:42:16 PDT 2001   [info] Velocimacro : allowInlineLocal = false : VMs defined inline will be  global in scope if allowed.
Mon Apr 30 20:42:16 PDT 2001   [info] Velocimacro : messages on  : VM system will output logging messages
Mon Apr 30 20:42:16 PDT 2001   [info] Velocimacro : initialization complete.
Mon Apr 30 20:42:16 PDT 2001   [info] Velocity successfully started.
Mon Apr 30 20:42:16 PDT 2001   [info] Velocimacro : added new VM : #projectanchor( name value ) : source = ./usecase.vsl
Mon Apr 30 20:42:16 PDT 2001   [info] Velocimacro : added new VM : #makeProject( ) : source = ./usecase.vsl
Mon Apr 30 20:42:16 PDT 2001   [info] Velocimacro : added new VM : #section( section title ) : source = ./usecase.vsl
Mon Apr 30 20:42:16 PDT 2001   [info] Velocimacro : added new VM : #document( ) : source = ./usecase.vsl
Mon Apr 30 20:42:16 PDT 2001   [info] ResourceManager : found ./usecase.vsl with loader org.apache.velocity.runtime.resource.loader.FileResourceLoader
Mon Apr 30 20:42:18 PDT 2001   [info] XPathTool::XPathTool()
Mon Apr 30 20:42:19 PDT 2001   [warn] Velocimacro : VM addition rejected : projectanchor : inline not allowed to replace existing VM
Mon Apr 30 20:42:19 PDT 2001   [warn] Velocimacro : VM addition rejected : makeProject : inline not allowed to replace existing VM
Mon Apr 30 20:42:19 PDT 2001   [warn] Velocimacro : VM addition rejected : section : inline not allowed to replace existing VM
Mon Apr 30 20:42:19 PDT 2001   [warn] Velocimacro : VM addition rejected : document : inline not allowed to replace existing VM
Mon Apr 30 20:42:19 PDT 2001   [info] ResourceManager : found ./usecase.vsl with loader org.apache.velocity.runtime.resource.loader.FileResourceLoader
